# JRE version: Java(TM) SE Runtime Environment (17.0.4.1+1) (build 17.0.4.1+1-LTS-2)
# Java VM: Java HotSpot(TM) 64-Bit Server VM (17.0.4.1+1-LTS-2, mixed mode, sharing, tiered, compressed oops, compressed class ptrs, g1 gc, windows-amd64)
GC Precious Log:
 CPUs: 8 total, 8 available
 Memory: 16106M
 Large Page Support: Disabled
 NUMA Support: Disabled
 Compressed Oops: Enabled (Zero based)
 Heap Region Size: 2M
 Heap Min Capacity: 8M
 Heap Initial Capacity: 252M
 Heap Max Capacity: 4028M
 Pre-touch: Disabled
 Parallel Workers: 8
 Concurrent Workers: 2
 Concurrent Refinement Workers: 8
 Periodic GC: Disabled
Heap:
 garbage-first heap   total 409600K, used 217088K [0x0000000704400000, 0x0000000800000000)
  region size 2048K, 3 young (6144K), 3 survivors (6144K)
 Metaspace       used 265K, committed 448K, reserved 1056768K
  class space    used 12K, committed 128K, reserved 1048576K
GC Heap History (17 events):
Event: 2.629 GC heap before
{Heap before GC invocations=0 (full 0):
 garbage-first heap   total 258048K, used 22528K [0x0000000704400000, 0x0000000800000000)
  region size 2048K, 11 young (22528K), 0 survivors (0K)
 Metaspace       used 265K, committed 448K, reserved 1056768K
  class space    used 12K, committed 128K, reserved 1048576K
}
Event: 2.739 GC heap after
{Heap after GC invocations=1 (full 0):
 garbage-first heap   total 258048K, used 21077K [0x0000000704400000, 0x0000000800000000)
  region size 2048K, 2 young (4096K), 2 survivors (4096K)
 Metaspace       used 265K, committed 448K, reserved 1056768K
  class space    used 12K, committed 128K, reserved 1048576K
}
Event: 3.618 GC heap before
{Heap before GC invocations=1 (full 0):
 garbage-first heap   total 258048K, used 31317K [0x0000000704400000, 0x0000000800000000)
  region size 2048K, 7 young (14336K), 2 survivors (4096K)
 Metaspace       used 265K, committed 448K, reserved 1056768K
  class space    used 12K, committed 128K, reserved 1048576K
}
Event: 3.661 GC heap after
{Heap after GC invocations=2 (full 0):
 garbage-first heap   total 258048K, used 33331K [0x0000000704400000, 0x0000000800000000)
  region size 2048K, 1 young (2048K), 1 survivors (2048K)
 Metaspace       used 265K, committed 448K, reserved 1056768K
  class space    used 12K, committed 128K, reserved 1048576K
}
Event: 4.779 GC heap before
{Heap before GC invocations=2 (full 0):
 garbage-first heap   total 258048K, used 49715K [0x0000000704400000, 0x0000000800000000)
  region size 2048K, 9 young (18432K), 1 survivors (2048K)
 Metaspace       used 265K, committed 448K, reserved 1056768K
  class space    used 12K, committed 128K, reserved 1048576K
}
Event: 4.879 GC heap after
{Heap after GC invocations=3 (full 0):
 garbage-first heap   total 258048K, used 50940K [0x0000000704400000, 0x0000000800000000)
  region size 2048K, 2 young (4096K), 2 survivors (4096K)
 Metaspace       used 265K, committed 448K, reserved 1056768K
  class space    used 12K, committed 128K, reserved 1048576K
}
Event: 7.472 GC heap before
{Heap before GC invocations=3 (full 0):
 garbage-first heap   total 258048K, used 71420K [0x0000000704400000, 0x0000000800000000)
  region size 2048K, 12 young (24576K), 2 survivors (4096K)
 Metaspace       used 265K, committed 448K, reserved 1056768K
  class space    used 12K, committed 128K, reserved 1048576K
}
Event: 7.607 GC heap after
{Heap after GC invocations=4 (full 0):
 garbage-first heap   total 258048K, used 72618K [0x0000000704400000, 0x0000000800000000)
  region size 2048K, 2 young (4096K), 2 survivors (4096K)
 Metaspace       used 265K, committed 448K, reserved 1056768K
  class space    used 12K, committed 128K, reserved 1048576K
}
Event: 9.718 GC heap before
{Heap before GC invocations=4 (full 0):
 garbage-first heap   total 258048K, used 95146K [0x0000000704400000, 0x0000000800000000)
  region size 2048K, 13 young (26624K), 2 survivors (4096K)
 Metaspace       used 265K, committed 448K, reserved 1056768K
  class space    used 12K, committed 128K, reserved 1048576K
}
Event: 9.820 GC heap after
{Heap after GC invocations=5 (full 0):
 garbage-first heap   total 409600K, used 96256K [0x0000000704400000, 0x0000000800000000)
  region size 2048K, 2 young (4096K), 2 survivors (4096K)
 Metaspace       used 265K, committed 448K, reserved 1056768K
  class space    used 12K, committed 128K, reserved 1048576K
}
Event: 12.659 GC heap before
{Heap before GC invocations=5 (full 0):
 garbage-first heap   total 409600K, used 120832K [0x0000000704400000, 0x0000000800000000)
  region size 2048K, 14 young (28672K), 2 survivors (4096K)
 Metaspace       used 265K, committed 448K, reserved 1056768K
  class space    used 12K, committed 128K, reserved 1048576K
}
Event: 12.815 GC heap after
{Heap after GC invocations=6 (full 0):
 garbage-first heap   total 409600K, used 123419K [0x0000000704400000, 0x0000000800000000)
  region size 2048K, 2 young (4096K), 2 survivors (4096K)
 Metaspace       used 265K, committed 448K, reserved 1056768K
  class space    used 12K, committed 128K, reserved 1048576K
}
Event: 15.567 GC heap before
{Heap before GC invocations=6 (full 0):
 garbage-first heap   total 409600K, used 150043K [0x0000000704400000, 0x0000000800000000)
  region size 2048K, 15 young (30720K), 2 survivors (4096K)
 Metaspace       used 265K, committed 448K, reserved 1056768K
  class space    used 12K, committed 128K, reserved 1048576K
}
Event: 15.719 GC heap after
{Heap after GC invocations=7 (full 0):
 garbage-first heap   total 409600K, used 152147K [0x0000000704400000, 0x0000000800000000)
  region size 2048K, 2 young (4096K), 2 survivors (4096K)
 Metaspace       used 265K, committed 448K, reserved 1056768K
  class space    used 12K, committed 128K, reserved 1048576K
}
Event: 22.937 GC heap before
{Heap before GC invocations=7 (full 0):
 garbage-first heap   total 409600K, used 180819K [0x0000000704400000, 0x0000000800000000)
  region size 2048K, 16 young (32768K), 2 survivors (4096K)
 Metaspace       used 265K, committed 448K, reserved 1056768K
  class space    used 12K, committed 128K, reserved 1048576K
}
Event: 23.067 GC heap after
{Heap after GC invocations=8 (full 0):
 garbage-first heap   total 409600K, used 182919K [0x0000000704400000, 0x0000000800000000)
  region size 2048K, 2 young (4096K), 2 survivors (4096K)
 Metaspace       used 265K, committed 448K, reserved 1056768K
  class space    used 12K, committed 128K, reserved 1048576K
}
Event: 28.087 GC heap before
{Heap before GC invocations=8 (full 0):
 garbage-first heap   total 409600K, used 215687K [0x0000000704400000, 0x0000000800000000)
  region size 2048K, 18 young (36864K), 2 survivors (4096K)
 Metaspace       used 265K, committed 448K, reserved 1056768K
  class space    used 12K, committed 128K, reserved 1048576K
}

